-- Found ament_cmake: 2.5.4 (/opt/ros/jazzy/share/ament_cmake/cmake)
-- Found rclcpp: 28.1.13 (/opt/ros/jazzy/share/rclcpp/cmake)
-- Found rosidl_generator_c: 4.6.6 (/opt/ros/jazzy/share/rosidl_generator_c/cmake)
-- Found rosidl_generator_cpp: 4.6.6 (/opt/ros/jazzy/share/rosidl_generator_cpp/cmake)
-- Using all available rosidl_typesupport_c: rosidl_typesupport_fastrtps_c;rosidl_typesupport_introspection_c
-- Using all available rosidl_typesupport_cpp: rosidl_typesupport_fastrtps_cpp;rosidl_typesupport_introspection_cpp
-- Found rmw_implementation_cmake: 7.3.2 (/opt/ros/jazzy/share/rmw_implementation_cmake/cmake)
-- Found rmw_fastrtps_cpp: 8.4.3 (/opt/ros/jazzy/share/rmw_fastrtps_cpp/cmake)
-- Using RMW implementation 'rmw_fastrtps_cpp' as default
-- Found geometry_msgs: 5.3.6 (/opt/ros/jazzy/share/geometry_msgs/cmake)
-- Found turtlesim: 1.8.3 (/opt/ros/jazzy/share/turtlesim/cmake)
-- Found ament_lint_auto: 0.17.3 (/opt/ros/jazzy/share/ament_lint_auto/cmake)
-- Added test 'cppcheck' to perform static code analysis on C / C++ code
-- Configured cppcheck include dirs: 
-- Configured cppcheck exclude dirs and/or files: 
-- Added test 'lint_cmake' to check CMake code style
-- Added test 'uncrustify' to check C / C++ code style
-- Configured uncrustify additional arguments: 
-- Added test 'xmllint' to check XML markup files
-- Configuring done (0.5s)
-- Generating done (0.0s)
-- Build files have been written to: /home/robot-max/Desktop/ROS_2/build/demo_topic
[100%] Built target demo_topic
-- Install configuration: ""
-- Up-to-date: /home/robot-max/Desktop/ROS_2/install/demo_topic/lib/demo_topic/demo_topic
-- Installing: /home/robot-max/Desktop/ROS_2/install/demo_topic/share/ament_index/resource_index/package_run_dependencies/demo_topic
-- Installing: /home/robot-max/Desktop/ROS_2/install/demo_topic/share/ament_index/resource_index/parent_prefix_path/demo_topic
-- Up-to-date: /home/robot-max/Desktop/ROS_2/install/demo_topic/share/demo_topic/environment/ament_prefix_path.sh
-- Up-to-date: /home/robot-max/Desktop/ROS_2/install/demo_topic/share/demo_topic/environment/ament_prefix_path.dsv
-- Up-to-date: /home/robot-max/Desktop/ROS_2/install/demo_topic/share/demo_topic/environment/path.sh
-- Up-to-date: /home/robot-max/Desktop/ROS_2/install/demo_topic/share/demo_topic/environment/path.dsv
-- Up-to-date: /home/robot-max/Desktop/ROS_2/install/demo_topic/share/demo_topic/local_setup.bash
-- Up-to-date: /home/robot-max/Desktop/ROS_2/install/demo_topic/share/demo_topic/local_setup.sh
-- Up-to-date: /home/robot-max/Desktop/ROS_2/install/demo_topic/share/demo_topic/local_setup.zsh
-- Up-to-date: /home/robot-max/Desktop/ROS_2/install/demo_topic/share/demo_topic/local_setup.dsv
-- Installing: /home/robot-max/Desktop/ROS_2/install/demo_topic/share/demo_topic/package.dsv
-- Up-to-date: /home/robot-max/Desktop/ROS_2/install/demo_topic/share/ament_index/resource_index/packages/demo_topic
-- Up-to-date: /home/robot-max/Desktop/ROS_2/install/demo_topic/share/demo_topic/cmake/demo_topicConfig.cmake
-- Up-to-date: /home/robot-max/Desktop/ROS_2/install/demo_topic/share/demo_topic/cmake/demo_topicConfig-version.cmake
-- Installing: /home/robot-max/Desktop/ROS_2/install/demo_topic/share/demo_topic/package.xml
