[0.009s] Invoking command in '/home/robot-max/Desktop/ROS_2/build/demo_topic': CMAKE_PREFIX_PATH=${CMAKE_PREFIX_PATH}:/opt/ros/jazzy DEBUGINFOD_URLS=https://debuginfod.ubuntu.com /usr/bin/cmake --build /home/robot-max/Desktop/ROS_2/build/demo_topic -- -j24 -l24
[0.031s] -- Found ament_cmake: 2.5.4 (/opt/ros/jazzy/share/ament_cmake/cmake)
[0.198s] -- Found rclcpp: 28.1.13 (/opt/ros/jazzy/share/rclcpp/cmake)
[0.220s] -- Found rosidl_generator_c: 4.6.6 (/opt/ros/jazzy/share/rosidl_generator_c/cmake)
[0.226s] -- Found rosidl_generator_cpp: 4.6.6 (/opt/ros/jazzy/share/rosidl_generator_cpp/cmake)
[0.235s] -- Using all available rosidl_typesupport_c: rosidl_typesupport_fastrtps_c;rosidl_typesupport_introspection_c
[0.244s] -- Using all available rosidl_typesupport_cpp: rosidl_typesupport_fastrtps_cpp;rosidl_typesupport_introspection_cpp
[0.291s] -- Found rmw_implementation_cmake: 7.3.2 (/opt/ros/jazzy/share/rmw_implementation_cmake/cmake)
[0.292s] -- Found rmw_fastrtps_cpp: 8.4.3 (/opt/ros/jazzy/share/rmw_fastrtps_cpp/cmake)
[0.345s] -- Using RMW implementation 'rmw_fastrtps_cpp' as default
[0.393s] -- Found geometry_msgs: 5.3.6 (/opt/ros/jazzy/share/geometry_msgs/cmake)
[0.418s] -- Found turtlesim: 1.8.3 (/opt/ros/jazzy/share/turtlesim/cmake)
[0.472s] -- Found ament_lint_auto: 0.17.3 (/opt/ros/jazzy/share/ament_lint_auto/cmake)
[0.543s] -- Added test 'cppcheck' to perform static code analysis on C / C++ code
[0.543s] -- Configured cppcheck include dirs: 
[0.543s] -- Configured cppcheck exclude dirs and/or files: 
[0.543s] -- Added test 'lint_cmake' to check CMake code style
[0.544s] -- Added test 'uncrustify' to check C / C++ code style
[0.544s] -- Configured uncrustify additional arguments: 
[0.544s] -- Added test 'xmllint' to check XML markup files
[0.545s] -- Configuring done (0.5s)
[0.555s] -- Generating done (0.0s)
[0.558s] -- Build files have been written to: /home/robot-max/Desktop/ROS_2/build/demo_topic
[0.600s] [100%] Built target demo_topic
[0.608s] Invoked command in '/home/robot-max/Desktop/ROS_2/build/demo_topic' returned '0': CMAKE_PREFIX_PATH=${CMAKE_PREFIX_PATH}:/opt/ros/jazzy DEBUGINFOD_URLS=https://debuginfod.ubuntu.com /usr/bin/cmake --build /home/robot-max/Desktop/ROS_2/build/demo_topic -- -j24 -l24
[0.615s] Invoking command in '/home/robot-max/Desktop/ROS_2/build/demo_topic': CMAKE_PREFIX_PATH=${CMAKE_PREFIX_PATH}:/opt/ros/jazzy DEBUGINFOD_URLS=https://debuginfod.ubuntu.com /usr/bin/cmake --install /home/robot-max/Desktop/ROS_2/build/demo_topic
[0.620s] -- Install configuration: ""
[0.620s] -- Up-to-date: /home/robot-max/Desktop/ROS_2/install/demo_topic/lib/demo_topic/demo_topic
[0.620s] -- Installing: /home/robot-max/Desktop/ROS_2/install/demo_topic/share/ament_index/resource_index/package_run_dependencies/demo_topic
[0.620s] -- Installing: /home/robot-max/Desktop/ROS_2/install/demo_topic/share/ament_index/resource_index/parent_prefix_path/demo_topic
[0.620s] -- Up-to-date: /home/robot-max/Desktop/ROS_2/install/demo_topic/share/demo_topic/environment/ament_prefix_path.sh
[0.621s] -- Up-to-date: /home/robot-max/Desktop/ROS_2/install/demo_topic/share/demo_topic/environment/ament_prefix_path.dsv
[0.621s] -- Up-to-date: /home/robot-max/Desktop/ROS_2/install/demo_topic/share/demo_topic/environment/path.sh
[0.621s] -- Up-to-date: /home/robot-max/Desktop/ROS_2/install/demo_topic/share/demo_topic/environment/path.dsv
[0.621s] -- Up-to-date: /home/robot-max/Desktop/ROS_2/install/demo_topic/share/demo_topic/local_setup.bash
[0.621s] -- Up-to-date: /home/robot-max/Desktop/ROS_2/install/demo_topic/share/demo_topic/local_setup.sh
[0.621s] -- Up-to-date: /home/robot-max/Desktop/ROS_2/install/demo_topic/share/demo_topic/local_setup.zsh
[0.621s] -- Up-to-date: /home/robot-max/Desktop/ROS_2/install/demo_topic/share/demo_topic/local_setup.dsv
[0.621s] -- Installing: /home/robot-max/Desktop/ROS_2/install/demo_topic/share/demo_topic/package.dsv
[0.621s] -- Up-to-date: /home/robot-max/Desktop/ROS_2/install/demo_topic/share/ament_index/resource_index/packages/demo_topic
[0.621s] -- Up-to-date: /home/robot-max/Desktop/ROS_2/install/demo_topic/share/demo_topic/cmake/demo_topicConfig.cmake
[0.621s] -- Up-to-date: /home/robot-max/Desktop/ROS_2/install/demo_topic/share/demo_topic/cmake/demo_topicConfig-version.cmake
[0.621s] -- Installing: /home/robot-max/Desktop/ROS_2/install/demo_topic/share/demo_topic/package.xml
[0.622s] Invoked command in '/home/robot-max/Desktop/ROS_2/build/demo_topic' returned '0': CMAKE_PREFIX_PATH=${CMAKE_PREFIX_PATH}:/opt/ros/jazzy DEBUGINFOD_URLS=https://debuginfod.ubuntu.com /usr/bin/cmake --install /home/robot-max/Desktop/ROS_2/build/demo_topic
