-- Found ament_cmake: 2.5.4 (/opt/ros/jazzy/share/ament_cmake/cmake)
-- Found rclcpp: 28.1.13 (/opt/ros/jazzy/share/rclcpp/cmake)
-- Found rosidl_generator_c: 4.6.6 (/opt/ros/jazzy/share/rosidl_generator_c/cmake)
-- Found rosidl_generator_cpp: 4.6.6 (/opt/ros/jazzy/share/rosidl_generator_cpp/cmake)
-- Using all available rosidl_typesupport_c: rosidl_typesupport_fastrtps_c;rosidl_typesupport_introspection_c
-- Using all available rosidl_typesupport_cpp: rosidl_typesupport_fastrtps_cpp;rosidl_typesupport_introspection_cpp
-- Found rmw_implementation_cmake: 7.3.2 (/opt/ros/jazzy/share/rmw_implementation_cmake/cmake)
-- Found rmw_fastrtps_cpp: 8.4.3 (/opt/ros/jazzy/share/rmw_fastrtps_cpp/cmake)
-- Using RMW implementation 'rmw_fastrtps_cpp' as default
-- Found ament_lint_auto: 0.17.3 (/opt/ros/jazzy/share/ament_lint_auto/cmake)
-- Added test 'cppcheck' to perform static code analysis on C / C++ code
-- Configured cppcheck include dirs: 
-- Configured cppcheck exclude dirs and/or files: 
-- Added test 'lint_cmake' to check CMake code style
-- Added test 'uncrustify' to check C / C++ code style
-- Configured uncrustify additional arguments: 
-- Added test 'xmllint' to check XML markup files
-- Configuring done (0.4s)
-- Generating done (0.0s)
-- Build files have been written to: /home/robot-max/Desktop/ROS_2/build/ROS_2
[ 50%] [32mBuilding CXX object CMakeFiles/main.dir/src/main.cpp.o[0m
[100%] [32m[1mLinking CXX executable main[0m
[100%] Built target main
-- Install configuration: ""
-- Installing: /home/robot-max/Desktop/ROS_2/install/ROS_2/lib/ROS_2/main
-- Set non-toolchain portion of runtime path of "/home/robot-max/Desktop/ROS_2/install/ROS_2/lib/ROS_2/main" to ""
-- Installing: /home/robot-max/Desktop/ROS_2/install/ROS_2/share/ament_index/resource_index/package_run_dependencies/ROS_2
-- Installing: /home/robot-max/Desktop/ROS_2/install/ROS_2/share/ament_index/resource_index/parent_prefix_path/ROS_2
-- Installing: /home/robot-max/Desktop/ROS_2/install/ROS_2/share/ROS_2/environment/ament_prefix_path.sh
-- Installing: /home/robot-max/Desktop/ROS_2/install/ROS_2/share/ROS_2/environment/ament_prefix_path.dsv
-- Installing: /home/robot-max/Desktop/ROS_2/install/ROS_2/share/ROS_2/environment/path.sh
-- Installing: /home/robot-max/Desktop/ROS_2/install/ROS_2/share/ROS_2/environment/path.dsv
-- Installing: /home/robot-max/Desktop/ROS_2/install/ROS_2/share/ROS_2/local_setup.bash
-- Installing: /home/robot-max/Desktop/ROS_2/install/ROS_2/share/ROS_2/local_setup.sh
-- Installing: /home/robot-max/Desktop/ROS_2/install/ROS_2/share/ROS_2/local_setup.zsh
-- Installing: /home/robot-max/Desktop/ROS_2/install/ROS_2/share/ROS_2/local_setup.dsv
-- Installing: /home/robot-max/Desktop/ROS_2/install/ROS_2/share/ROS_2/package.dsv
-- Installing: /home/robot-max/Desktop/ROS_2/install/ROS_2/share/ament_index/resource_index/packages/ROS_2
-- Installing: /home/robot-max/Desktop/ROS_2/install/ROS_2/share/ROS_2/cmake/ROS_2Config.cmake
-- Installing: /home/robot-max/Desktop/ROS_2/install/ROS_2/share/ROS_2/cmake/ROS_2Config-version.cmake
-- Installing: /home/robot-max/Desktop/ROS_2/install/ROS_2/share/ROS_2/package.xml
