[0.009s] Invoking command in '/home/robot-max/Desktop/ROS_2/build/ROS_2': CMAKE_PREFIX_PATH=${CMAKE_PREFIX_PATH}:/opt/ros/jazzy DEBUGINFOD_URLS=https://debuginfod.ubuntu.com /usr/bin/cmake /home/robot-max/Desktop/ROS_2/ROS_2 -DCMAKE_INSTALL_PREFIX=/home/robot-max/Desktop/ROS_2/install/ROS_2
[0.021s] -- Found ament_cmake: 2.5.4 (/opt/ros/jazzy/share/ament_cmake/cmake)
[0.196s] -- Found rclcpp: 28.1.13 (/opt/ros/jazzy/share/rclcpp/cmake)
[0.218s] -- Found rosidl_generator_c: 4.6.6 (/opt/ros/jazzy/share/rosidl_generator_c/cmake)
[0.225s] -- Found rosidl_generator_cpp: 4.6.6 (/opt/ros/jazzy/share/rosidl_generator_cpp/cmake)
[0.234s] -- Using all available rosidl_typesupport_c: rosidl_typesupport_fastrtps_c;rosidl_typesupport_introspection_c
[0.245s] -- Using all available rosidl_typesupport_cpp: rosidl_typesupport_fastrtps_cpp;rosidl_typesupport_introspection_cpp
[0.292s] -- Found rmw_implementation_cmake: 7.3.2 (/opt/ros/jazzy/share/rmw_implementation_cmake/cmake)
[0.293s] -- Found rmw_fastrtps_cpp: 8.4.3 (/opt/ros/jazzy/share/rmw_fastrtps_cpp/cmake)
[0.341s] -- Using RMW implementation 'rmw_fastrtps_cpp' as default
[0.380s] -- Found ament_lint_auto: 0.17.3 (/opt/ros/jazzy/share/ament_lint_auto/cmake)
[0.423s] WARNING: Package name "ROS_2" does not follow the naming conventions. It should start with a lower case letter and only contain lower case letters, digits, underscores, and dashes.
[0.447s] -- Added test 'cppcheck' to perform static code analysis on C / C++ code
[0.447s] -- Configured cppcheck include dirs: 
[0.447s] -- Configured cppcheck exclude dirs and/or files: 
[0.447s] -- Added test 'lint_cmake' to check CMake code style
[0.448s] -- Added test 'uncrustify' to check C / C++ code style
[0.449s] -- Configured uncrustify additional arguments: 
[0.449s] -- Added test 'xmllint' to check XML markup files
[0.450s] -- Configuring done (0.4s)
[0.457s] -- Generating done (0.0s)
[0.459s] -- Build files have been written to: /home/robot-max/Desktop/ROS_2/build/ROS_2
[0.465s] Invoked command in '/home/robot-max/Desktop/ROS_2/build/ROS_2' returned '0': CMAKE_PREFIX_PATH=${CMAKE_PREFIX_PATH}:/opt/ros/jazzy DEBUGINFOD_URLS=https://debuginfod.ubuntu.com /usr/bin/cmake /home/robot-max/Desktop/ROS_2/ROS_2 -DCMAKE_INSTALL_PREFIX=/home/robot-max/Desktop/ROS_2/install/ROS_2
[0.466s] Invoking command in '/home/robot-max/Desktop/ROS_2/build/ROS_2': CMAKE_PREFIX_PATH=${CMAKE_PREFIX_PATH}:/opt/ros/jazzy DEBUGINFOD_URLS=https://debuginfod.ubuntu.com /usr/bin/cmake --build /home/robot-max/Desktop/ROS_2/build/ROS_2 -- -j24 -l24
[0.505s] [ 50%] [32mBuilding CXX object CMakeFiles/main.dir/src/main.cpp.o[0m
[2.272s] [100%] [32m[1mLinking CXX executable main[0m
[2.360s] [100%] Built target main
[2.369s] Invoked command in '/home/robot-max/Desktop/ROS_2/build/ROS_2' returned '0': CMAKE_PREFIX_PATH=${CMAKE_PREFIX_PATH}:/opt/ros/jazzy DEBUGINFOD_URLS=https://debuginfod.ubuntu.com /usr/bin/cmake --build /home/robot-max/Desktop/ROS_2/build/ROS_2 -- -j24 -l24
[2.377s] Invoking command in '/home/robot-max/Desktop/ROS_2/build/ROS_2': CMAKE_PREFIX_PATH=${CMAKE_PREFIX_PATH}:/opt/ros/jazzy DEBUGINFOD_URLS=https://debuginfod.ubuntu.com /usr/bin/cmake --install /home/robot-max/Desktop/ROS_2/build/ROS_2
[2.384s] -- Install configuration: ""
[2.384s] -- Installing: /home/robot-max/Desktop/ROS_2/install/ROS_2/lib/ROS_2/main
[2.384s] -- Set non-toolchain portion of runtime path of "/home/robot-max/Desktop/ROS_2/install/ROS_2/lib/ROS_2/main" to ""
[2.385s] -- Installing: /home/robot-max/Desktop/ROS_2/install/ROS_2/share/ament_index/resource_index/package_run_dependencies/ROS_2
[2.385s] -- Installing: /home/robot-max/Desktop/ROS_2/install/ROS_2/share/ament_index/resource_index/parent_prefix_path/ROS_2
[2.385s] -- Installing: /home/robot-max/Desktop/ROS_2/install/ROS_2/share/ROS_2/environment/ament_prefix_path.sh
[2.385s] -- Installing: /home/robot-max/Desktop/ROS_2/install/ROS_2/share/ROS_2/environment/ament_prefix_path.dsv
[2.385s] -- Installing: /home/robot-max/Desktop/ROS_2/install/ROS_2/share/ROS_2/environment/path.sh
[2.385s] -- Installing: /home/robot-max/Desktop/ROS_2/install/ROS_2/share/ROS_2/environment/path.dsv
[2.386s] -- Installing: /home/robot-max/Desktop/ROS_2/install/ROS_2/share/ROS_2/local_setup.bash
[2.386s] -- Installing: /home/robot-max/Desktop/ROS_2/install/ROS_2/share/ROS_2/local_setup.sh
[2.386s] -- Installing: /home/robot-max/Desktop/ROS_2/install/ROS_2/share/ROS_2/local_setup.zsh
[2.386s] -- Installing: /home/robot-max/Desktop/ROS_2/install/ROS_2/share/ROS_2/local_setup.dsv
[2.386s] -- Installing: /home/robot-max/Desktop/ROS_2/install/ROS_2/share/ROS_2/package.dsv
[2.386s] -- Installing: /home/robot-max/Desktop/ROS_2/install/ROS_2/share/ament_index/resource_index/packages/ROS_2
[2.387s] -- Installing: /home/robot-max/Desktop/ROS_2/install/ROS_2/share/ROS_2/cmake/ROS_2Config.cmake
[2.387s] -- Installing: /home/robot-max/Desktop/ROS_2/install/ROS_2/share/ROS_2/cmake/ROS_2Config-version.cmake
[2.387s] -- Installing: /home/robot-max/Desktop/ROS_2/install/ROS_2/share/ROS_2/package.xml
[2.389s] Invoked command in '/home/robot-max/Desktop/ROS_2/build/ROS_2' returned '0': CMAKE_PREFIX_PATH=${CMAKE_PREFIX_PATH}:/opt/ros/jazzy DEBUGINFOD_URLS=https://debuginfod.ubuntu.com /usr/bin/cmake --install /home/robot-max/Desktop/ROS_2/build/ROS_2
