[0.012s] Invoking command in '/home/robot-max/Desktop/ROS_2/build/demo_topic': CMAKE_PREFIX_PATH=${CMAKE_PREFIX_PATH}:/opt/ros/jazzy DEBUGINFOD_URLS=https://debuginfod.ubuntu.com /usr/bin/cmake --build /home/robot-max/Desktop/ROS_2/build/demo_topic -- -j24 -l24
[0.122s] [100%] Built target demo_topic
[0.138s] Invoked command in '/home/robot-max/Desktop/ROS_2/build/demo_topic' returned '0': CMAKE_PREFIX_PATH=${CMAKE_PREFIX_PATH}:/opt/ros/jazzy DEBUGINFOD_URLS=https://debuginfod.ubuntu.com /usr/bin/cmake --build /home/robot-max/Desktop/ROS_2/build/demo_topic -- -j24 -l24
[0.153s] Invoking command in '/home/robot-max/Desktop/ROS_2/build/demo_topic': CMAKE_PREFIX_PATH=${CMAKE_PREFIX_PATH}:/opt/ros/jazzy DEBUGINFOD_URLS=https://debuginfod.ubuntu.com /usr/bin/cmake --install /home/robot-max/Desktop/ROS_2/build/demo_topic
[0.165s] -- Install configuration: ""
[0.166s] -- Up-to-date: /home/robot-max/Desktop/ROS_2/install/demo_topic/lib/demo_topic/demo_topic
[0.166s] -- Up-to-date: /home/robot-max/Desktop/ROS_2/install/demo_topic/share/ament_index/resource_index/package_run_dependencies/demo_topic
[0.166s] -- Up-to-date: /home/robot-max/Desktop/ROS_2/install/demo_topic/share/ament_index/resource_index/parent_prefix_path/demo_topic
[0.166s] -- Up-to-date: /home/robot-max/Desktop/ROS_2/install/demo_topic/share/demo_topic/environment/ament_prefix_path.sh
[0.167s] -- Up-to-date: /home/robot-max/Desktop/ROS_2/install/demo_topic/share/demo_topic/environment/ament_prefix_path.dsv
[0.167s] -- Up-to-date: /home/robot-max/Desktop/ROS_2/install/demo_topic/share/demo_topic/environment/path.sh
[0.167s] -- Up-to-date: /home/robot-max/Desktop/ROS_2/install/demo_topic/share/demo_topic/environment/path.dsv
[0.167s] -- Up-to-date: /home/robot-max/Desktop/ROS_2/install/demo_topic/share/demo_topic/local_setup.bash
[0.167s] -- Up-to-date: /home/robot-max/Desktop/ROS_2/install/demo_topic/share/demo_topic/local_setup.sh
[0.167s] -- Up-to-date: /home/robot-max/Desktop/ROS_2/install/demo_topic/share/demo_topic/local_setup.zsh
[0.167s] -- Up-to-date: /home/robot-max/Desktop/ROS_2/install/demo_topic/share/demo_topic/local_setup.dsv
[0.167s] -- Installing: /home/robot-max/Desktop/ROS_2/install/demo_topic/share/demo_topic/package.dsv
[0.167s] -- Up-to-date: /home/robot-max/Desktop/ROS_2/install/demo_topic/share/ament_index/resource_index/packages/demo_topic
[0.168s] -- Up-to-date: /home/robot-max/Desktop/ROS_2/install/demo_topic/share/demo_topic/cmake/demo_topicConfig.cmake
[0.168s] -- Up-to-date: /home/robot-max/Desktop/ROS_2/install/demo_topic/share/demo_topic/cmake/demo_topicConfig-version.cmake
[0.168s] -- Up-to-date: /home/robot-max/Desktop/ROS_2/install/demo_topic/share/demo_topic/package.xml
[0.170s] Invoked command in '/home/robot-max/Desktop/ROS_2/build/demo_topic' returned '0': CMAKE_PREFIX_PATH=${CMAKE_PREFIX_PATH}:/opt/ros/jazzy DEBUGINFOD_URLS=https://debuginfod.ubuntu.com /usr/bin/cmake --install /home/robot-max/Desktop/ROS_2/build/demo_topic
